<?xml version="1.0" encoding="UTF-8"?>
<testsuite name="org.example.BanksService.BanksService" tests="2" skipped="0" failures="0" errors="0" timestamp="2023-02-24T11:53:35" hostname="SHEV" time="0.078">
  <properties/>
  <testcase name="TransferMoneyAndDifferentBanks()" classname="org.example.BanksService.BanksService" time="0.072"/>
  <testcase name="createClientAccountsAndBank()" classname="org.example.BanksService.BanksService" time="0.003"/>
  <system-out><![CDATA[]]></system-out>
  <system-err><![CDATA[]]></system-err>
</testsuite>
